app/buildmm/intermediates__ddd/manifest_merge_blame_file/debug/manifest-merger-blame-debug-report.txt
1<?xml version="1.0" encoding="utf-8"?>
2<manifest xmlns:android="http://schemas.android.com/apk/res/android"
3    package="com.app.janeio"
4    android:versionCode="1"
5    android:versionName="1.0" >
6
7    <uses-sdk
8        android:minSdkVersion="21"
8-->src\main\AndroidManifest.xml
9        android:targetSdkVersion="31" />
9-->src\main\AndroidManifest.xml
10
11    <uses-permission android:name="android.permission.SCHEDULE_EXACT_ALARM" />
11-->src\main\AndroidManifest.xml:5:5-79
11-->src\main\AndroidManifest.xml:5:22-76
12    <uses-permission android:name="android.permission.VIBRATE" />
12-->src\main\AndroidManifest.xml:6:5-66
12-->src\main\AndroidManifest.xml:6:22-63
13
14    <application
14-->src\main\AndroidManifest.xml:8:5-40:19
15        android:allowBackup="true"
15-->src\main\AndroidManifest.xml:9:9-35
16        android:appComponentFactory="androidx.core.app.CoreComponentFactory"
16-->[androidx.core:core:1.3.2] AndroidManifest.xml:24:18-86
17        android:debuggable="true"
18        android:icon="@mipmap/ic_launcher"
18-->src\main\AndroidManifest.xml:10:9-43
19        android:label="@string/app_name"
19-->src\main\AndroidManifest.xml:11:9-41
20        android:roundIcon="@mipmap/ic_launcher"
20-->src\main\AndroidManifest.xml:12:9-48
21        android:supportsRtl="true"
21-->src\main\AndroidManifest.xml:13:9-35
22        android:testOnly="true"
23        android:theme="@style/Theme.AppCompat.NoActionBar" >
23-->src\main\AndroidManifest.xml:14:9-59
24        <activity
24-->src\main\AndroidManifest.xml:15:9-17:39
25            android:name="com.app.janeio.TodoItemActivity"
25-->src\main\AndroidManifest.xml:16:13-45
26            android:exported="true" />
26-->src\main\AndroidManifest.xml:17:13-36
27        <activity
27-->src\main\AndroidManifest.xml:18:9-22:20
28            android:name="com.app.janeio.TodoListActivity"
28-->src\main\AndroidManifest.xml:19:13-45
29            android:exported="true" >
29-->src\main\AndroidManifest.xml:20:13-36
30        </activity>
31        <activity
31-->src\main\AndroidManifest.xml:23:9-30:20
32            android:name="com.app.janeio.HomeActivity"
32-->src\main\AndroidManifest.xml:23:19-47
33            android:exported="true" >
33-->src\main\AndroidManifest.xml:24:13-36
34            <intent-filter>
34-->src\main\AndroidManifest.xml:25:13-29:29
35                <action android:name="android.intent.action.MAIN" />
35-->src\main\AndroidManifest.xml:26:17-69
35-->src\main\AndroidManifest.xml:26:25-66
36
37                <category android:name="android.intent.category.LAUNCHER" />
37-->src\main\AndroidManifest.xml:28:17-77
37-->src\main\AndroidManifest.xml:28:27-74
38            </intent-filter>
39        </activity>
40        <activity
40-->src\main\AndroidManifest.xml:31:9-33:39
41            android:name="com.app.janeio.DestinationActivity"
41-->src\main\AndroidManifest.xml:32:13-48
42            android:exported="true" />
42-->src\main\AndroidManifest.xml:33:13-36
43        <activity
43-->src\main\AndroidManifest.xml:34:9-37:48
44            android:name="com.app.janeio.MainActivity"
44-->src\main\AndroidManifest.xml:35:13-41
45            android:exported="true"
45-->src\main\AndroidManifest.xml:36:13-36
46            android:label="@string/app_name" />
46-->src\main\AndroidManifest.xml:37:13-45
47
48        <receiver android:name="com.app.janeio.AlarmReciever" />
48-->src\main\AndroidManifest.xml:39:9-51
48-->src\main\AndroidManifest.xml:39:19-48
49    </application>
50
51</manifest>